::1 - - [10/Jun/2024:13:09:45 +0900] "GET / HTTP/1.1" 200 46
::1 - - [10/Jun/2024:13:09:46 +0900] "GET /favicon.ico HTTP/1.1" 404 196
::1 - - [10/Jun/2024:13:10:45 +0900] "-" 408 -
::1 - - [10/Jun/2024:13:28:06 +0900] "GET / HTTP/1.1" 304 -
::1 - - [10/Jun/2024:13:28:13 +0900] "GET /phpinfo HTTP/1.1" 404 196
::1 - - [10/Jun/2024:13:29:13 +0900] "-" 408 -
::1 - - [10/Jun/2024:13:31:03 +0900] "-" 408 -
::1 - - [10/Jun/2024:13:31:03 +0900] "-" 408 -
::1 - - [10/Jun/2024:13:32:58 +0900] "GET /phpinfo.php HTTP/1.1" 200 25
::1 - - [10/Jun/2024:13:33:58 +0900] "-" 408 -
::1 - - [10/Jun/2024:13:40:10 +0900] "GET /phpinfo.php HTTP/1.1" 304 -
::1 - - [10/Jun/2024:13:40:11 +0900] "GET /phpinfo.php HTTP/1.1" 304 -
::1 - - [10/Jun/2024:13:40:12 +0900] "GET /phpinfo.php HTTP/1.1" 304 -
::1 - - [10/Jun/2024:13:41:10 +0900] "-" 408 -
::1 - - [10/Jun/2024:13:42:28 +0900] "GET / HTTP/1.1" 304 -
::1 - - [10/Jun/2024:13:42:32 +0900] "GET /phpinfo.php HTTP/1.1" 304 -
::1 - - [10/Jun/2024:13:43:28 +0900] "-" 408 -
::1 - - [10/Jun/2024:13:44:17 +0900] "GET /phpinfo.php HTTP/1.1" 200 22
::1 - - [10/Jun/2024:13:45:17 +0900] "-" 408 -
::1 - - [10/Jun/2024:13:47:30 +0900] "GET /phpinfo.php HTTP/1.1" 200 25
::1 - - [10/Jun/2024:13:47:31 +0900] "GET /phpinfo.php HTTP/1.1" 304 -
::1 - - [10/Jun/2024:13:47:42 +0900] "GET /phpinfo.php HTTP/1.1" 304 -
::1 - - [10/Jun/2024:13:47:43 +0900] "GET /phpinfo.php HTTP/1.1" 304 -
::1 - - [10/Jun/2024:13:47:44 +0900] "GET /phpinfo.php HTTP/1.1" 304 -
::1 - - [10/Jun/2024:13:47:46 +0900] "GET /phpinfo.php HTTP/1.1" 304 -
::1 - - [10/Jun/2024:13:48:43 +0900] "-" 408 -
::1 - - [10/Jun/2024:13:52:47 +0900] "GET / HTTP/1.1" 304 -
::1 - - [10/Jun/2024:13:52:50 +0900] "GET /phpinfo.php HTTP/1.1" 304 -
::1 - - [10/Jun/2024:13:53:47 +0900] "-" 408 -
::1 - - [10/Jun/2024:14:31:12 +0900] "GET /phpinfo.php HTTP/1.1" 304 -
::1 - - [10/Jun/2024:14:31:13 +0900] "GET /favicon.ico HTTP/1.1" 404 196
::1 - - [10/Jun/2024:14:34:14 +0900] "GET /phpinfo.php HTTP/1.1" 304 -
::1 - - [10/Jun/2024:14:34:15 +0900] "GET /phpinfo.php HTTP/1.1" 304 -
::1 - - [10/Jun/2024:14:34:17 +0900] "GET /phpinfo.php HTTP/1.1" 304 -
::1 - - [10/Jun/2024:14:34:21 +0900] "GET /phpinfo.php HTTP/1.1" 304 -
::1 - - [10/Jun/2024:14:34:23 +0900] "GET / HTTP/1.1" 304 -
::1 - - [10/Jun/2024:14:34:25 +0900] "GET /phpinfo.php HTTP/1.1" 304 -
::1 - - [10/Jun/2024:14:35:14 +0900] "-" 408 -
::1 - - [10/Jun/2024:14:40:46 +0900] "GET /phpinfo.php HTTP/1.1" 304 -
::1 - - [10/Jun/2024:14:41:46 +0900] "-" 408 -
::1 - - [10/Jun/2024:14:42:19 +0900] "-" 408 -
::1 - - [10/Jun/2024:14:56:49 +0900] "GET /phpinfo.php HTTP/1.1" 304 -
127.0.0.1 - - [10/Jun/2024:14:57:49 +0900] "-" 408 -
127.0.0.1 - - [10/Jun/2024:14:57:49 +0900] "-" 408 -
::1 - - [10/Jun/2024:15:07:26 +0900] "GET /phpinfo.php HTTP/1.1" 304 -
::1 - - [10/Jun/2024:15:07:29 +0900] "GET / HTTP/1.1" 304 -
::1 - - [10/Jun/2024:15:08:26 +0900] "-" 408 -
::1 - - [10/Jun/2024:15:16:23 +0900] "GET /info.php HTTP/1.1" 404 196
::1 - - [10/Jun/2024:15:16:29 +0900] "GET /phpinfo.php HTTP/1.1" 304 -
::1 - - [10/Jun/2024:15:16:31 +0900] "GET /phpinfo.php HTTP/1.1" 304 -
::1 - - [10/Jun/2024:15:16:43 +0900] "GET /phpinfo.php HTTP/1.1" 304 -
::1 - - [10/Jun/2024:15:16:45 +0900] "GET / HTTP/1.1" 304 -
::1 - - [10/Jun/2024:15:16:46 +0900] "GET / HTTP/1.1" 304 -
::1 - - [10/Jun/2024:15:17:43 +0900] "-" 408 -
::1 - - [10/Jun/2024:15:28:06 +0900] "GET /phpinfo.php HTTP/1.1" 304 -
::1 - - [10/Jun/2024:15:29:06 +0900] "-" 408 -
::1 - - [10/Jun/2024:15:29:20 +0900] "GET / HTTP/1.1" 304 -
::1 - - [10/Jun/2024:15:29:32 +0900] "GET / HTTP/1.1" 304 -
::1 - - [10/Jun/2024:15:33:42 +0900] "GET / HTTP/1.1" 200 46
::1 - - [10/Jun/2024:15:34:42 +0900] "-" 408 -
::1 - - [10/Jun/2024:15:37:11 +0900] "GET /phpinfo.php HTTP/1.1" 200 82212
::1 - - [10/Jun/2024:15:37:48 +0900] "GET /test.php HTTP/1.1" 200 -
::1 - - [10/Jun/2024:15:38:48 +0900] "-" 408 -
::1 - - [10/Jun/2024:15:39:22 +0900] "GET /test.php HTTP/1.1" 200 203
::1 - - [10/Jun/2024:15:40:22 +0900] "-" 408 -
::1 - - [10/Jun/2024:15:48:10 +0900] "GET /test.php HTTP/1.1" 200 342
::1 - - [10/Jun/2024:15:48:35 +0900] "GET /test.php HTTP/1.1" 200 331
::1 - - [10/Jun/2024:15:49:35 +0900] "-" 408 -
::1 - - [10/Jun/2024:15:52:29 +0900] "GET /test.php HTTP/1.1" 200 239
::1 - - [10/Jun/2024:15:52:51 +0900] "GET /test.php HTTP/1.1" 200 184
::1 - - [10/Jun/2024:15:52:58 +0900] "GET /test.php HTTP/1.1" 200 243
::1 - - [10/Jun/2024:15:53:58 +0900] "-" 408 -
::1 - - [10/Jun/2024:15:54:23 +0900] "GET /test.php HTTP/1.1" 200 243
::1 - - [10/Jun/2024:15:54:36 +0900] "GET /test.php HTTP/1.1" 200 348
::1 - - [10/Jun/2024:15:54:41 +0900] "GET /test.php HTTP/1.1" 200 243
::1 - - [10/Jun/2024:15:54:48 +0900] "GET /test.php HTTP/1.1" 200 244
::1 - - [10/Jun/2024:15:55:03 +0900] "GET /test.php HTTP/1.1" 200 343
::1 - - [10/Jun/2024:15:55:08 +0900] "GET /test.php HTTP/1.1" 200 378
::1 - - [10/Jun/2024:15:55:16 +0900] "GET /test.php HTTP/1.1" 200 235
::1 - - [10/Jun/2024:15:55:38 +0900] "GET /test.php HTTP/1.1" 200 206
::1 - - [10/Jun/2024:15:56:13 +0900] "GET /test.php HTTP/1.1" 200 218
::1 - - [10/Jun/2024:15:57:13 +0900] "-" 408 -
::1 - - [10/Jun/2024:15:57:25 +0900] "GET /test.php HTTP/1.1" 200 241
::1 - - [10/Jun/2024:15:58:15 +0900] "GET /test?id=aa.php HTTP/1.1" 404 196
::1 - - [10/Jun/2024:15:58:23 +0900] "GET /test?id=aa.php HTTP/1.1" 404 196
::1 - - [10/Jun/2024:15:58:35 +0900] "GET /test?id=123.php HTTP/1.1" 404 196
::1 - - [10/Jun/2024:15:59:15 +0900] "GET /test?id=123.php HTTP/1.1" 404 196
::1 - - [10/Jun/2024:15:59:18 +0900] "GET /test.php HTTP/1.1" 200 260
::1 - - [10/Jun/2024:15:59:29 +0900] "GET /test.php HTTP/1.1" 200 375
::1 - - [10/Jun/2024:15:59:42 +0900] "GET /test.php?id=a HTTP/1.1" 200 147
::1 - - [10/Jun/2024:16:00:08 +0900] "GET /test.php?id=a&a=1 HTTP/1.1" 200 148
::1 - - [10/Jun/2024:16:00:11 +0900] "GET /test.php?id=a\\ HTTP/1.1" 200 263
::1 - - [10/Jun/2024:16:00:12 +0900] "GET /test.php?id=a HTTP/1.1" 200 261
::1 - - [10/Jun/2024:16:01:08 +0900] "-" 408 -
::1 - - [10/Jun/2024:16:02:51 +0900] "GET /test.php?id=a HTTP/1.1" 200 461
::1 - - [10/Jun/2024:16:02:56 +0900] "GET /test.php HTTP/1.1" 200 575
::1 - - [10/Jun/2024:16:03:05 +0900] "POST /test.php HTTP/1.1" 200 575
::1 - - [10/Jun/2024:16:04:04 +0900] "POST /test.php HTTP/1.1" 200 811
::1 - - [10/Jun/2024:16:04:18 +0900] "POST /test.php HTTP/1.1" 200 811
::1 - - [10/Jun/2024:16:04:26 +0900] "POST /test.php HTTP/1.1" 200 811
::1 - - [10/Jun/2024:16:04:34 +0900] "GET /test.php?id=a&password=aa HTTP/1.1" 200 339
::1 - - [10/Jun/2024:16:05:34 +0900] "-" 408 -
::1 - - [10/Jun/2024:16:05:50 +0900] "POST /test.php HTTP/1.1" 200 336
::1 - - [10/Jun/2024:16:05:56 +0900] "POST /test2.php HTTP/1.1" 200 120
::1 - - [10/Jun/2024:16:06:44 +0900] "POST /test.php HTTP/1.1" 404 196
::1 - - [10/Jun/2024:16:06:46 +0900] "GET /test HTTP/1.1" 404 196
::1 - - [10/Jun/2024:16:06:50 +0900] "GET /test.html HTTP/1.1" 200 336
::1 - - [10/Jun/2024:16:06:52 +0900] "POST /test2.php HTTP/1.1" 200 120
::1 - - [10/Jun/2024:16:07:00 +0900] "POST /test2.php HTTP/1.1" 200 120
::1 - - [10/Jun/2024:16:07:57 +0900] "POST /test2.php HTTP/1.1" 200 120
::1 - - [10/Jun/2024:16:08:56 +0900] "-" 408 -
::1 - - [10/Jun/2024:16:09:36 +0900] "POST /test2.php HTTP/1.1" 200 7
::1 - - [10/Jun/2024:16:09:52 +0900] "POST /test2.php HTTP/1.1" 200 5
::1 - - [10/Jun/2024:16:10:31 +0900] "POST /test2.php HTTP/1.1" 200 19406848
::1 - - [10/Jun/2024:16:10:45 +0900] "POST /test2.php HTTP/1.1" 200 31359116
::1 - - [10/Jun/2024:16:11:45 +0900] "-" 408 -
::1 - - [10/Jun/2024:16:12:35 +0900] "POST /test2.php HTTP/1.1" 200 4
::1 - - [10/Jun/2024:16:13:35 +0900] "-" 408 -
::1 - - [10/Jun/2024:16:15:20 +0900] "POST /test2.php HTTP/1.1" 200 1275
::1 - - [10/Jun/2024:16:15:35 +0900] "POST /test2.php HTTP/1.1" 200 138
::1 - - [10/Jun/2024:16:16:35 +0900] "-" 408 -
::1 - - [10/Jun/2024:16:17:55 +0900] "GET /test3.php HTTP/1.1" 200 139
::1 - - [10/Jun/2024:16:18:02 +0900] "GET /test3.php HTTP/1.1" 200 276
::1 - - [10/Jun/2024:16:19:02 +0900] "-" 408 -
::1 - - [10/Jun/2024:16:23:58 +0900] "GET /test3.php HTTP/1.1" 200 390
::1 - - [10/Jun/2024:16:24:08 +0900] "GET /test3.php HTTP/1.1" 200 281
::1 - - [10/Jun/2024:16:25:08 +0900] "-" 408 -
::1 - - [11/Jun/2024:10:30:02 +0900] "GET /phpinfo.php HTTP/1.1" 200 81847
::1 - - [11/Jun/2024:10:30:06 +0900] "GET /favicon.ico HTTP/1.1" 404 196
::1 - - [11/Jun/2024:10:31:59 +0900] "GET /test4.php HTTP/1.1" 200 126
::1 - - [11/Jun/2024:10:32:43 +0900] "GET /test4.php HTTP/1.1" 200 1
::1 - - [11/Jun/2024:10:32:54 +0900] "GET /test4.php HTTP/1.1" 200 2
::1 - - [11/Jun/2024:10:33:00 +0900] "GET /test4.php HTTP/1.1" 200 1
::1 - - [11/Jun/2024:10:34:00 +0900] "-" 408 -
::1 - - [11/Jun/2024:10:36:23 +0900] "GET /test4.php HTTP/1.1" 200 227
::1 - - [11/Jun/2024:10:36:40 +0900] "GET /test4.php HTTP/1.1" 200 21
::1 - - [11/Jun/2024:10:36:55 +0900] "GET /test4.php HTTP/1.1" 200 22
::1 - - [11/Jun/2024:10:37:29 +0900] "GET /test4.php HTTP/1.1" 200 24
::1 - - [11/Jun/2024:10:37:44 +0900] "GET /test4.php HTTP/1.1" 200 26
::1 - - [11/Jun/2024:10:38:06 +0900] "GET /test4.php HTTP/1.1" 200 36
::1 - - [11/Jun/2024:10:38:23 +0900] "GET /test4.php HTTP/1.1" 200 41
::1 - - [11/Jun/2024:10:39:23 +0900] "-" 408 -
::1 - - [11/Jun/2024:10:42:34 +0900] "GET /test4.php HTTP/1.1" 200 459
::1 - - [11/Jun/2024:10:42:49 +0900] "GET /test4.php HTTP/1.1" 200 459
::1 - - [11/Jun/2024:10:43:31 +0900] "GET /test4.php HTTP/1.1" 200 339
::1 - - [11/Jun/2024:10:44:26 +0900] "GET /test4.php HTTP/1.1" 200 363
::1 - - [11/Jun/2024:10:45:26 +0900] "-" 408 -
::1 - - [11/Jun/2024:10:46:51 +0900] "GET /test4.php HTTP/1.1" 200 399
::1 - - [11/Jun/2024:10:47:51 +0900] "-" 408 -
::1 - - [11/Jun/2024:10:49:22 +0900] "GET /test4.php HTTP/1.1" 200 457
::1 - - [11/Jun/2024:10:49:31 +0900] "GET /test4.php HTTP/1.1" 200 444
::1 - - [11/Jun/2024:10:49:40 +0900] "GET /test4.php HTTP/1.1" 200 455
::1 - - [11/Jun/2024:10:50:07 +0900] "GET /test4.php HTTP/1.1" 200 438
::1 - - [11/Jun/2024:10:50:14 +0900] "GET /test4.php HTTP/1.1" 200 441
::1 - - [11/Jun/2024:10:50:20 +0900] "GET /test4.php HTTP/1.1" 200 454
::1 - - [11/Jun/2024:10:50:25 +0900] "GET /test4.php HTTP/1.1" 200 438
::1 - - [11/Jun/2024:10:50:42 +0900] "GET /test4.php HTTP/1.1" 200 438
::1 - - [11/Jun/2024:10:50:46 +0900] "GET /test4.php HTTP/1.1" 200 438
::1 - - [11/Jun/2024:10:51:42 +0900] "-" 408 -
::1 - - [11/Jun/2024:10:56:06 +0900] "GET /test4.php HTTP/1.1" 200 737
::1 - - [11/Jun/2024:10:56:17 +0900] "GET /test4.php HTTP/1.1" 200 442
::1 - - [11/Jun/2024:10:56:58 +0900] "GET /test4.php HTTP/1.1" 200 160
::1 - - [11/Jun/2024:10:57:58 +0900] "-" 408 -
::1 - - [11/Jun/2024:11:00:32 +0900] "GET /test4.php HTTP/1.1" 200 821
::1 - - [11/Jun/2024:11:01:32 +0900] "-" 408 -
::1 - - [11/Jun/2024:11:09:07 +0900] "GET /test5.php HTTP/1.1" 200 1233
::1 - - [11/Jun/2024:11:09:32 +0900] "POST /test5.php HTTP/1.1" 200 1284
::1 - - [11/Jun/2024:11:10:00 +0900] "POST /test5.php HTTP/1.1" 200 1475
::1 - - [11/Jun/2024:11:11:00 +0900] "-" 408 -
::1 - - [11/Jun/2024:11:14:50 +0900] "GET /testform.php HTTP/1.1" 200 1481
::1 - - [11/Jun/2024:11:14:56 +0900] "POST /testform.php HTTP/1.1" 200 1497
::1 - - [11/Jun/2024:11:14:59 +0900] "POST /testform.php HTTP/1.1" 200 1571
::1 - - [11/Jun/2024:11:15:56 +0900] "-" 408 -
::1 - - [11/Jun/2024:11:16:07 +0900] "POST /testform.php HTTP/1.1" 200 1625
::1 - - [11/Jun/2024:11:16:13 +0900] "POST /testform.php HTTP/1.1" 200 1650
::1 - - [11/Jun/2024:11:17:13 +0900] "-" 408 -
::1 - - [11/Jun/2024:11:18:38 +0900] "GET /phpinfo.php HTTP/1.1" 200 81847
::1 - - [11/Jun/2024:11:18:40 +0900] "GET / HTTP/1.1" 200 46
::1 - - [11/Jun/2024:11:18:44 +0900] "GET /testcookie HTTP/1.1" 404 196
::1 - - [11/Jun/2024:11:18:48 +0900] "GET /testcookie.php HTTP/1.1" 200 357
::1 - - [11/Jun/2024:11:18:50 +0900] "GET /testcookie.php HTTP/1.1" 200 376
::1 - - [11/Jun/2024:11:19:44 +0900] "-" 408 -
::1 - - [11/Jun/2024:11:20:06 +0900] "GET /testcookie.php HTTP/1.1" 200 357
::1 - - [11/Jun/2024:11:20:08 +0900] "GET /testcookie.php HTTP/1.1" 200 376
::1 - - [11/Jun/2024:11:20:12 +0900] "GET /testcookie.php HTTP/1.1" 200 376
::1 - - [11/Jun/2024:11:20:13 +0900] "GET /testcookie.php HTTP/1.1" 200 376
::1 - - [11/Jun/2024:11:20:23 +0900] "GET /testcookie.php HTTP/1.1" 200 357
::1 - - [11/Jun/2024:11:20:25 +0900] "GET /testcookie.php HTTP/1.1" 200 357
::1 - - [11/Jun/2024:11:20:27 +0900] "GET /testcookie.php HTTP/1.1" 200 357
::1 - - [11/Jun/2024:11:21:23 +0900] "-" 408 -
::1 - - [11/Jun/2024:11:23:25 +0900] "GET /testsession.php HTTP/1.1" 200 498
::1 - - [11/Jun/2024:11:24:02 +0900] "GET /testsession.php HTTP/1.1" 200 316
::1 - - [11/Jun/2024:11:25:02 +0900] "-" 408 -
::1 - - [11/Jun/2024:11:26:14 +0900] "GET /testsession.php HTTP/1.1" 200 474
::1 - - [11/Jun/2024:11:27:14 +0900] "-" 408 -
::1 - - [11/Jun/2024:11:36:26 +0900] "GET /join.html HTTP/1.1" 200 985
::1 - - [11/Jun/2024:11:36:56 +0900] "POST /join_process.php HTTP/1.1" 200 334
::1 - - [11/Jun/2024:11:37:56 +0900] "-" 408 -
::1 - - [11/Jun/2024:11:38:39 +0900] "POST /join_process.php HTTP/1.1" 200 84
::1 - - [11/Jun/2024:11:39:37 +0900] "-" 408 -
::1 - - [11/Jun/2024:11:40:21 +0900] "POST /join_process.php HTTP/1.1" 200 84
::1 - - [11/Jun/2024:11:40:25 +0900] "POST /join_process.php HTTP/1.1" 200 84
::1 - - [11/Jun/2024:11:40:28 +0900] "POST /join_process.php HTTP/1.1" 200 84
::1 - - [11/Jun/2024:11:40:31 +0900] "POST /join_process.php HTTP/1.1" 200 84
::1 - - [11/Jun/2024:11:40:42 +0900] "POST /join_process.php HTTP/1.1" 200 79
::1 - - [11/Jun/2024:11:40:46 +0900] "GET /search.html HTTP/1.1" 404 196
::1 - - [11/Jun/2024:11:41:07 +0900] "GET /search.html HTTP/1.1" 200 850
::1 - - [11/Jun/2024:11:41:13 +0900] "POST /search_process.php HTTP/1.1" 404 196
::1 - - [11/Jun/2024:11:41:33 +0900] "POST /search_process.php HTTP/1.1" 200 727
::1 - - [11/Jun/2024:11:41:50 +0900] "POST /search_process.php HTTP/1.1" 200 352
::1 - - [11/Jun/2024:11:42:50 +0900] "POST /search_process.php HTTP/1.1" 200 357
::1 - - [11/Jun/2024:11:42:59 +0900] "POST /search_process.php HTTP/1.1" 200 471
::1 - - [11/Jun/2024:11:43:59 +0900] "-" 408 -
::1 - - [11/Jun/2024:11:44:42 +0900] "GET /join.html HTTP/1.1" 200 985
::1 - - [11/Jun/2024:11:44:46 +0900] "POST /join_process.php HTTP/1.1" 200 487
::1 - - [11/Jun/2024:11:45:39 +0900] "-" 408 -
::1 - - [11/Jun/2024:11:45:52 +0900] "-" 408 -
::1 - - [13/Jun/2024:19:11:24 +0900] "GET /phpinfo.php HTTP/1.1" 200 81844
::1 - - [14/Jun/2024:19:04:25 +0900] "GET /phpinfo.php HTTP/1.1" 200 81845
::1 - - [14/Jun/2024:19:04:27 +0900] "GET /favicon.ico HTTP/1.1" 404 196
::1 - - [14/Jun/2024:19:05:43 +0900] "GET /test/test.php HTTP/1.1" 200 -
::1 - - [14/Jun/2024:19:05:51 +0900] "GET /test/test.php HTTP/1.1" 200 2
::1 - - [14/Jun/2024:19:06:51 +0900] "-" 408 -
::1 - - [14/Jun/2024:20:30:44 +0900] "GET /phpinfo.php HTTP/1.1" 404 196
::1 - - [14/Jun/2024:20:30:52 +0900] "GET /task/signup.php HTTP/1.1" 200 574
::1 - - [14/Jun/2024:20:31:36 +0900] "GET /task/signup.php HTTP/1.1" 200 481
::1 - - [14/Jun/2024:20:32:36 +0900] "-" 408 -
::1 - - [14/Jun/2024:20:32:46 +0900] "GET /task/signup.php HTTP/1.1" 200 483
::1 - - [14/Jun/2024:20:33:10 +0900] "GET /task/signup.php HTTP/1.1" 200 -
::1 - - [14/Jun/2024:20:34:10 +0900] "-" 408 -
::1 - - [14/Jun/2024:20:48:56 +0900] "GET /task/login.php HTTP/1.1" 200 232
::1 - - [14/Jun/2024:20:49:05 +0900] "GET /task/login.php HTTP/1.1" 200 1118
::1 - - [14/Jun/2024:20:49:10 +0900] "POST /task/login.php HTTP/1.1" 200 1187
::1 - - [14/Jun/2024:20:49:14 +0900] "POST /task/login.php HTTP/1.1" 200 399
::1 - - [14/Jun/2024:20:49:16 +0900] "POST /task/login.php HTTP/1.1" 200 565
::1 - - [14/Jun/2024:20:49:23 +0900] "POST /task/login.php HTTP/1.1" 200 565
::1 - - [14/Jun/2024:20:50:13 +0900] "POST /task/login.php HTTP/1.1" 200 565
::1 - - [14/Jun/2024:20:50:14 +0900] "POST /task/login.php HTTP/1.1" 200 565
::1 - - [14/Jun/2024:20:50:18 +0900] "POST /task/login.php HTTP/1.1" 200 565
::1 - - [14/Jun/2024:20:50:23 +0900] "POST /task/login.php HTTP/1.1" 200 565
::1 - - [14/Jun/2024:20:51:23 +0900] "-" 408 -
::1 - - [14/Jun/2024:20:53:13 +0900] "POST /task/login.php HTTP/1.1" 200 565
::1 - - [14/Jun/2024:20:54:13 +0900] "-" 408 -
::1 - - [14/Jun/2024:20:58:50 +0900] "POST /task/login.php HTTP/1.1" 200 1163
::1 - - [14/Jun/2024:20:59:09 +0900] "POST /task/login.php HTTP/1.1" 200 1159
::1 - - [14/Jun/2024:20:59:18 +0900] "POST /task/login.php HTTP/1.1" 200 1187
::1 - - [14/Jun/2024:20:59:23 +0900] "POST /task/login.php HTTP/1.1" 200 399
::1 - - [14/Jun/2024:20:59:26 +0900] "POST /task/login.php HTTP/1.1" 200 1163
::1 - - [14/Jun/2024:21:00:23 +0900] "-" 408 -
::1 - - [14/Jun/2024:21:02:23 +0900] "POST /task/login.php HTTP/1.1" 200 1171
::1 - - [14/Jun/2024:21:02:45 +0900] "POST /task/login.php HTTP/1.1" 200 443
::1 - - [14/Jun/2024:21:02:48 +0900] "POST /task/login.php HTTP/1.1" 200 1171
::1 - - [14/Jun/2024:21:02:59 +0900] "POST /task/login.php HTTP/1.1" 200 447
::1 - - [14/Jun/2024:21:03:59 +0900] "-" 408 -
::1 - - [14/Jun/2024:21:12:04 +0900] "POST /task/login.php HTTP/1.1" 200 1171
::1 - - [14/Jun/2024:21:13:04 +0900] "-" 408 -
::1 - - [14/Jun/2024:21:21:04 +0900] "POST /task/login.php HTTP/1.1" 200 1171
::1 - - [14/Jun/2024:21:21:14 +0900] "POST /task/login.php HTTP/1.1" 200 442
::1 - - [14/Jun/2024:21:21:17 +0900] "POST /task/login.php HTTP/1.1" 200 1171
::1 - - [14/Jun/2024:21:22:14 +0900] "-" 408 -
::1 - - [14/Jun/2024:21:23:45 +0900] "POST /task/login.php HTTP/1.1" 200 1171
::1 - - [14/Jun/2024:21:24:08 +0900] "POST /task/login.php HTTP/1.1" 200 442
::1 - - [14/Jun/2024:21:24:37 +0900] "POST /task/login.php HTTP/1.1" 200 446
::1 - - [14/Jun/2024:21:25:37 +0900] "-" 408 -
::1 - - [14/Jun/2024:21:28:14 +0900] "POST /task/login.php HTTP/1.1" 200 446
::1 - - [14/Jun/2024:21:28:55 +0900] "POST /task/login.php HTTP/1.1" 200 446
::1 - - [14/Jun/2024:21:29:55 +0900] "-" 408 -
::1 - - [14/Jun/2024:21:30:35 +0900] "POST /task/login.php HTTP/1.1" 200 446
::1 - - [14/Jun/2024:21:31:08 +0900] "POST /task/login.php HTTP/1.1" 200 1175
::1 - - [14/Jun/2024:21:31:15 +0900] "POST /task/login.php HTTP/1.1" 200 446
::1 - - [14/Jun/2024:21:31:18 +0900] "POST /task/login.php HTTP/1.1" 200 1175
::1 - - [14/Jun/2024:21:31:22 +0900] "POST /task/login.php HTTP/1.1" 200 1175
::1 - - [14/Jun/2024:21:32:15 +0900] "-" 408 -
::1 - - [14/Jun/2024:21:50:49 +0900] "GET /phpinfo.php HTTP/1.1" 404 196
::1 - - [14/Jun/2024:21:50:50 +0900] "GET /phpinfo.php HTTP/1.1" 404 196
::1 - - [14/Jun/2024:21:51:00 +0900] "GET /task2/task.php HTTP/1.1" 200 603
::1 - - [14/Jun/2024:21:51:39 +0900] "GET /task2/task.php HTTP/1.1" 200 531
::1 - - [14/Jun/2024:21:52:30 +0900] "GET /task2/task.php HTTP/1.1" 200 532
::1 - - [14/Jun/2024:21:52:46 +0900] "GET /task2/task.php HTTP/1.1" 200 403
::1 - - [14/Jun/2024:21:52:49 +0900] "POST /task2/task.php HTTP/1.1" 200 403
::1 - - [14/Jun/2024:21:53:26 +0900] "POST /task2/task.php HTTP/1.1" 200 403
::1 - - [14/Jun/2024:21:53:28 +0900] "POST /task2/task.php HTTP/1.1" 200 403
::1 - - [14/Jun/2024:21:53:39 +0900] "POST /task2/task.php HTTP/1.1" 200 403
::1 - - [14/Jun/2024:21:53:44 +0900] "POST /task2/task.php HTTP/1.1" 200 403
::1 - - [14/Jun/2024:21:53:49 +0900] "POST /task2/task.php HTTP/1.1" 200 403
::1 - - [14/Jun/2024:21:54:39 +0900] "-" 408 -
::1 - - [14/Jun/2024:21:55:32 +0900] "POST /task2/task.php HTTP/1.1" 200 403
::1 - - [14/Jun/2024:21:55:34 +0900] "POST /task2/task.php HTTP/1.1" 200 403
::1 - - [14/Jun/2024:21:55:46 +0900] "POST /task2/task.php HTTP/1.1" 200 403
::1 - - [14/Jun/2024:21:55:54 +0900] "POST /task2/task.php HTTP/1.1" 200 403
::1 - - [14/Jun/2024:21:55:56 +0900] "POST /task2/task.php HTTP/1.1" 200 403
::1 - - [14/Jun/2024:21:56:52 +0900] "POST /task2/task.php HTTP/1.1" 200 519
::1 - - [14/Jun/2024:21:57:30 +0900] "POST /task2/task.php HTTP/1.1" 200 391
::1 - - [14/Jun/2024:21:57:33 +0900] "POST /task2/task.php HTTP/1.1" 200 391
::1 - - [14/Jun/2024:21:57:35 +0900] "POST /task2/task.php HTTP/1.1" 200 391
::1 - - [14/Jun/2024:21:58:23 +0900] "POST /task2/task.php HTTP/1.1" 200 388
::1 - - [14/Jun/2024:21:58:26 +0900] "POST /task2/task.php HTTP/1.1" 200 234
::1 - - [14/Jun/2024:21:58:27 +0900] "POST /task2/task.php HTTP/1.1" 200 234
::1 - - [14/Jun/2024:21:59:23 +0900] "-" 408 -
::1 - - [14/Jun/2024:22:10:29 +0900] "POST /task2/task.php HTTP/1.1" 200 523
::1 - - [14/Jun/2024:22:10:41 +0900] "POST /task2/task.php HTTP/1.1" 200 523
::1 - - [14/Jun/2024:22:10:44 +0900] "POST /task2/task.php HTTP/1.1" 200 523
::1 - - [14/Jun/2024:22:11:35 +0900] "POST /task2/task.php HTTP/1.1" 200 523
::1 - - [14/Jun/2024:22:11:36 +0900] "POST /task2/task.php HTTP/1.1" 200 523
::1 - - [14/Jun/2024:22:12:35 +0900] "-" 408 -
::1 - - [14/Jun/2024:22:13:07 +0900] "POST /task2/task.php HTTP/1.1" 200 658
::1 - - [14/Jun/2024:22:13:22 +0900] "POST /task2/task.php HTTP/1.1" 200 658
::1 - - [14/Jun/2024:22:13:57 +0900] "POST /task2/task.php HTTP/1.1" 200 648
::1 - - [14/Jun/2024:22:14:02 +0900] "POST /task2/task.php HTTP/1.1" 200 425
::1 - - [14/Jun/2024:22:14:23 +0900] "POST /task2/task.php HTTP/1.1" 200 648
::1 - - [14/Jun/2024:22:14:48 +0900] "POST /task2/task.php HTTP/1.1" 200 513
::1 - - [14/Jun/2024:22:14:51 +0900] "POST /task2/task.php HTTP/1.1" 200 445
::1 - - [14/Jun/2024:22:15:48 +0900] "-" 408 -
::1 - - [14/Jun/2024:22:16:44 +0900] "POST /task2/task.php HTTP/1.1" 200 493
::1 - - [14/Jun/2024:22:17:15 +0900] "POST /task2/task.php HTTP/1.1" 200 488
::1 - - [14/Jun/2024:22:18:15 +0900] "-" 408 -
::1 - - [14/Jun/2024:22:25:32 +0900] "GET /task3/task.php HTTP/1.1" 200 522
::1 - - [14/Jun/2024:22:26:32 +0900] "-" 408 -
::1 - - [14/Jun/2024:22:31:24 +0900] "GET /task3/task.php HTTP/1.1" 200 522
::1 - - [14/Jun/2024:22:32:24 +0900] "-" 408 -
::1 - - [14/Jun/2024:22:34:30 +0900] "GET /task3/task.php HTTP/1.1" 200 522
::1 - - [14/Jun/2024:22:35:20 +0900] "GET /task3/task.php HTTP/1.1" 200 707
::1 - - [14/Jun/2024:22:36:20 +0900] "-" 408 -
::1 - - [14/Jun/2024:22:37:06 +0900] "GET /task3/task.php HTTP/1.1" 200 522
::1 - - [14/Jun/2024:22:38:06 +0900] "-" 408 -
::1 - - [15/Jun/2024:15:44:12 +0900] "GET /phpinfo.php HTTP/1.1" 404 196
::1 - - [15/Jun/2024:15:44:14 +0900] "GET /favicon.ico HTTP/1.1" 404 196
::1 - - [15/Jun/2024:15:44:14 +0900] "GET / HTTP/1.1" 200 357
127.0.0.1 - - [15/Jun/2024:15:44:25 +0900] "GET /task1/task.php HTTP/1.1" 404 196
127.0.0.1 - - [15/Jun/2024:15:44:29 +0900] "GET /task1/login.php HTTP/1.1" 200 1130
::1 - - [15/Jun/2024:15:45:25 +0900] "-" 408 -
